2020-02-21 13:00:39,439 [INFO] Activator:176 - 


2020-02-21 13:00:39,447 [INFO] Activator:177 - !SESSION log4j initialized
2020-02-21 13:00:40,697 [ERROR] LogOutputStream:74 - [STDERR_REDIRECT] 
2020-02-21 13:01:12,351 [INFO] ApplicationProperties:181 - Using Application install path: /Applications/STM32CubeIDE.app/Contents/Eclipse/plugins/com.st.stm32cube.common.mx_5.5.0.201912201511
2020-02-21 13:01:12,407 [INFO] DbMcusXml:69 - Set database path to: /Applications/STM32CubeIDE.app/Contents/Eclipse/plugins/com.st.stm32cube.common.mx_5.5.0.201912201511//db//mcu/
2020-02-21 13:01:12,412 [INFO] DbBoardsPdsc:54 - Set plugin database path to: /Applications/STM32CubeIDE.app/Contents/Eclipse/plugins/com.st.stm32cube.common.mx_5.5.0.201912201511//db//plugins/boardmanager/
2020-02-21 13:01:12,412 [INFO] DbMcus:264 - Set plugin images path to: /Applications/STM32CubeIDE.app/Contents/Eclipse/plugins/com.st.stm32cube.common.mx_5.5.0.201912201511//db//plugins/mcufinder/images/
2020-02-21 13:01:12,412 [INFO] DbBoards:232 - Set plugin images path to: /Applications/STM32CubeIDE.app/Contents/Eclipse/plugins/com.st.stm32cube.common.mx_5.5.0.201912201511//db//plugins/mcufinder/images/
2020-02-21 13:01:12,418 [INFO] APIGFXSelector:72 - Set database path to: /Applications/STM32CubeIDE.app/Contents/Eclipse/plugins/com.st.stm32cube.common.mx_5.5.0.201912201511//db//plugins/mcufinder/mcu/
2020-02-21 13:01:12,433 [INFO] DbMcusAds:72 - Set database path to: /Users/gabrielespinosa/.stmcufinder/plugins/mcufinder//mcu/
2020-02-21 13:01:12,434 [INFO] DbMcusDocs:92 - Set database path to: /Users/gabrielespinosa/.stmcufinder/plugins/mcufinder//mcu/
2020-02-21 13:01:12,436 [INFO] DbMcusJson:59 - Set database path to: /Users/gabrielespinosa/.stmcufinder/plugins/mcufinder//mcu/
2020-02-21 13:01:12,437 [INFO] DbBoardsDocs:84 - Set database path to: /Users/gabrielespinosa/.stmcufinder/plugins/mcufinder//mcu/
2020-02-21 13:01:12,438 [INFO] DbBoardsJson:51 - Set database path to: /Users/gabrielespinosa/.stmcufinder/plugins/mcufinder//mcu/
2020-02-21 13:01:12,639 [INFO] CrossReferenceDbSqlite:197 - Set database path to: /Users/gabrielespinosa/.stmcufinder/plugins/mcufinder//mcu/cs/
2020-02-21 13:01:12,775 [INFO] RulesReader:52 - Compatibility file has been processed (205 Rules)
2020-02-21 13:01:13,013 [INFO] MicroXplorer:570 - Detected Java Version = 1.8.0_202
2020-02-21 13:01:13,014 [INFO] DbMcusXml:69 - Set database path to: /Applications/STM32CubeIDE.app/Contents/Eclipse/plugins/com.st.stm32cube.common.mx_5.5.0.201912201511//db//mcu/
2020-02-21 13:01:13,014 [INFO] DbBoardsPdsc:54 - Set plugin database path to: /Applications/STM32CubeIDE.app/Contents/Eclipse/plugins/com.st.stm32cube.common.mx_5.5.0.201912201511//db//plugins/boardmanager/
2020-02-21 13:01:13,015 [INFO] DbMcus:264 - Set plugin images path to: /Applications/STM32CubeIDE.app/Contents/Eclipse/plugins/com.st.stm32cube.common.mx_5.5.0.201912201511//db//plugins/mcufinder/images/
2020-02-21 13:01:13,015 [INFO] DbBoards:232 - Set plugin images path to: /Applications/STM32CubeIDE.app/Contents/Eclipse/plugins/com.st.stm32cube.common.mx_5.5.0.201912201511//db//plugins/mcufinder/images/
2020-02-21 13:01:13,015 [INFO] APIGFXSelector:72 - Set database path to: /Applications/STM32CubeIDE.app/Contents/Eclipse/plugins/com.st.stm32cube.common.mx_5.5.0.201912201511//db//plugins/mcufinder/mcu/
2020-02-21 13:01:13,015 [WARN] DbFile:31 - Overriding database path with different value: /Users/gabrielespinosa/.stmcufinder/plugins/mcufinder/ => /Users/gabrielespinosa/.stmcufinder/plugins/mcufinder
2020-02-21 13:01:13,015 [INFO] DbMcusAds:72 - Set database path to: /Users/gabrielespinosa/.stmcufinder/plugins/mcufinder//mcu/
2020-02-21 13:01:13,015 [WARN] DbFile:31 - Overriding database path with different value: /Users/gabrielespinosa/.stmcufinder/plugins/mcufinder/ => /Users/gabrielespinosa/.stmcufinder/plugins/mcufinder
2020-02-21 13:01:13,016 [INFO] DbMcusDocs:92 - Set database path to: /Users/gabrielespinosa/.stmcufinder/plugins/mcufinder//mcu/
2020-02-21 13:01:13,016 [WARN] DbFile:31 - Overriding database path with different value: /Users/gabrielespinosa/.stmcufinder/plugins/mcufinder/ => /Users/gabrielespinosa/.stmcufinder/plugins/mcufinder
2020-02-21 13:01:13,016 [INFO] DbMcusJson:59 - Set database path to: /Users/gabrielespinosa/.stmcufinder/plugins/mcufinder//mcu/
2020-02-21 13:01:13,016 [WARN] DbFile:31 - Overriding database path with different value: /Users/gabrielespinosa/.stmcufinder/plugins/mcufinder/ => /Users/gabrielespinosa/.stmcufinder/plugins/mcufinder
2020-02-21 13:01:13,016 [INFO] DbBoardsDocs:84 - Set database path to: /Users/gabrielespinosa/.stmcufinder/plugins/mcufinder//mcu/
2020-02-21 13:01:13,016 [WARN] DbFile:31 - Overriding database path with different value: /Users/gabrielespinosa/.stmcufinder/plugins/mcufinder/ => /Users/gabrielespinosa/.stmcufinder/plugins/mcufinder
2020-02-21 13:01:13,016 [INFO] DbBoardsJson:51 - Set database path to: /Users/gabrielespinosa/.stmcufinder/plugins/mcufinder//mcu/
2020-02-21 13:01:13,016 [WARN] DbFile:31 - Overriding database path with different value: /Users/gabrielespinosa/.stmcufinder/plugins/mcufinder/ => /Users/gabrielespinosa/.stmcufinder/plugins/mcufinder
2020-02-21 13:01:13,017 [WARN] DbFile:31 - Overriding database path with different value: /Users/gabrielespinosa/.stmcufinder/plugins/mcufinder/ => /Users/gabrielespinosa/.stmcufinder/plugins/mcufinder
2020-02-21 13:01:13,017 [INFO] CrossReferenceDbSqlite:197 - Set database path to: /Users/gabrielespinosa/.stmcufinder/plugins/mcufinder//mcu/cs/
2020-02-21 13:01:13,178 [INFO] MainPanel:180 - HeapMemory: 282066944
2020-02-21 13:01:13,363 [INFO] DbMcusXml:69 - Set database path to: /Applications/STM32CubeIDE.app/Contents/Eclipse/plugins/com.st.stm32cube.common.mx_5.5.0.201912201511//db//mcu/
2020-02-21 13:01:13,363 [INFO] DbBoardsPdsc:54 - Set plugin database path to: /Applications/STM32CubeIDE.app/Contents/Eclipse/plugins/com.st.stm32cube.common.mx_5.5.0.201912201511//db//plugins/boardmanager/
2020-02-21 13:01:13,363 [INFO] DbMcus:264 - Set plugin images path to: /Applications/STM32CubeIDE.app/Contents/Eclipse/plugins/com.st.stm32cube.common.mx_5.5.0.201912201511//db//plugins/mcufinder/images/
2020-02-21 13:01:13,363 [INFO] DbBoards:232 - Set plugin images path to: /Applications/STM32CubeIDE.app/Contents/Eclipse/plugins/com.st.stm32cube.common.mx_5.5.0.201912201511//db//plugins/mcufinder/images/
2020-02-21 13:01:13,364 [INFO] APIGFXSelector:72 - Set database path to: /Applications/STM32CubeIDE.app/Contents/Eclipse/plugins/com.st.stm32cube.common.mx_5.5.0.201912201511//db//plugins/mcufinder/mcu/
2020-02-21 13:01:13,371 [WARN] DbFile:31 - Overriding database path with different value: /Users/gabrielespinosa/.stmcufinder/plugins/mcufinder/ => /Users/gabrielespinosa/.stmcufinder/plugins/mcufinder
2020-02-21 13:01:13,371 [INFO] DbMcusAds:72 - Set database path to: /Users/gabrielespinosa/.stmcufinder/plugins/mcufinder//mcu/
2020-02-21 13:01:13,371 [WARN] DbFile:31 - Overriding database path with different value: /Users/gabrielespinosa/.stmcufinder/plugins/mcufinder/ => /Users/gabrielespinosa/.stmcufinder/plugins/mcufinder
2020-02-21 13:01:13,372 [INFO] DbMcusDocs:92 - Set database path to: /Users/gabrielespinosa/.stmcufinder/plugins/mcufinder//mcu/
2020-02-21 13:01:13,372 [WARN] DbFile:31 - Overriding database path with different value: /Users/gabrielespinosa/.stmcufinder/plugins/mcufinder/ => /Users/gabrielespinosa/.stmcufinder/plugins/mcufinder
2020-02-21 13:01:13,372 [INFO] DbMcusJson:59 - Set database path to: /Users/gabrielespinosa/.stmcufinder/plugins/mcufinder//mcu/
2020-02-21 13:01:13,372 [WARN] DbFile:31 - Overriding database path with different value: /Users/gabrielespinosa/.stmcufinder/plugins/mcufinder/ => /Users/gabrielespinosa/.stmcufinder/plugins/mcufinder
2020-02-21 13:01:13,372 [INFO] DbBoardsDocs:84 - Set database path to: /Users/gabrielespinosa/.stmcufinder/plugins/mcufinder//mcu/
2020-02-21 13:01:13,372 [WARN] DbFile:31 - Overriding database path with different value: /Users/gabrielespinosa/.stmcufinder/plugins/mcufinder/ => /Users/gabrielespinosa/.stmcufinder/plugins/mcufinder
2020-02-21 13:01:13,373 [INFO] DbBoardsJson:51 - Set database path to: /Users/gabrielespinosa/.stmcufinder/plugins/mcufinder//mcu/
2020-02-21 13:01:13,373 [WARN] DbFile:31 - Overriding database path with different value: /Users/gabrielespinosa/.stmcufinder/plugins/mcufinder/ => /Users/gabrielespinosa/.stmcufinder/plugins/mcufinder
2020-02-21 13:01:13,373 [WARN] DbFile:31 - Overriding database path with different value: /Users/gabrielespinosa/.stmcufinder/plugins/mcufinder/ => /Users/gabrielespinosa/.stmcufinder/plugins/mcufinder
2020-02-21 13:01:13,373 [INFO] CrossReferenceDbSqlite:197 - Set database path to: /Users/gabrielespinosa/.stmcufinder/plugins/mcufinder//mcu/cs/
2020-02-21 13:01:13,428 [INFO] ApplicationProperties:181 - Using Application install path: /Applications/STM32CubeIDE.app/Contents/Eclipse/plugins/com.st.stm32cube.common.mx_5.5.0.201912201511
2020-02-21 13:01:13,430 [INFO] PluginManage:178 - Search for loadable plugins [exclusion list=]
2020-02-21 13:01:13,431 [INFO] PluginManage:292 - Check plugin analytics
2020-02-21 13:01:13,460 [INFO] PluginManage:342 - Loaded plugin analytics (category:tool,tabindex:-1)
2020-02-21 13:01:13,460 [INFO] PluginManage:292 - Check plugin clock
2020-02-21 13:01:13,481 [INFO] PluginManage:342 - Loaded plugin clock (category:base,tabindex:2)
2020-02-21 13:01:13,481 [INFO] PluginManage:292 - Check plugin ddr
2020-02-21 13:01:13,487 [INFO] PluginManage:342 - Loaded plugin ddr (category:tool,tabindex:6)
2020-02-21 13:01:13,488 [INFO] PluginManage:292 - Check plugin filemanager
2020-02-21 13:01:13,677 [INFO] PluginManage:342 - Loaded plugin filemanager (category:base,tabindex:10)
2020-02-21 13:01:13,678 [INFO] PluginManage:292 - Check plugin ipmanager
2020-02-21 13:01:13,699 [INFO] PluginManage:342 - Loaded plugin ipmanager (category:base,tabindex:5)
2020-02-21 13:01:13,699 [INFO] PluginManage:292 - Check plugin pinoutandconfiguration
2020-02-21 13:01:13,713 [INFO] PluginManage:342 - Loaded plugin pinoutandconfiguration (category:base,tabindex:1)
2020-02-21 13:01:13,713 [INFO] PluginManage:292 - Check plugin pinoutconfig
2020-02-21 13:01:13,762 [INFO] PluginManage:342 - Loaded plugin pinoutconfig (category:base,tabindex:0)
2020-02-21 13:01:13,762 [INFO] PluginManage:292 - Check plugin power
2020-02-21 13:01:13,795 [INFO] PluginManage:342 - Loaded plugin power (category:power,tabindex:4)
2020-02-21 13:01:13,795 [INFO] PluginManage:292 - Check plugin projectmanager
2020-02-21 13:01:13,805 [INFO] PluginManage:342 - Loaded plugin projectmanager (category:projectmanager,tabindex:3)
2020-02-21 13:01:13,805 [INFO] PluginManage:292 - Check plugin thirdparty
2020-02-21 13:01:13,902 [INFO] ThirdPartyDb:295 - Open Third Party DataBase File (/Users/gabrielespinosa/.stm32cubemx/plugins/thirdparty/db/thirdparties_db.xml) : 31 ms. number of Sw pack : 15
2020-02-21 13:01:13,912 [INFO] PluginManage:342 - Loaded plugin thirdparty (category:base,tabindex:-1)
2020-02-21 13:01:13,912 [INFO] PluginManage:292 - Check plugin tools
2020-02-21 13:01:13,914 [INFO] PluginManage:342 - Loaded plugin tools (category:base,tabindex:7)
2020-02-21 13:01:13,914 [INFO] PluginManage:292 - Check plugin updater
2020-02-21 13:01:13,932 [INFO] PluginManage:342 - Loaded plugin updater (category:base,tabindex:12)
2020-02-21 13:01:13,932 [INFO] PluginManage:265 - PluginManage : Loaded plugins [12]
2020-02-21 13:01:14,972 [INFO] PinOutPanel:1399 - setPackage(No Configuration,No Configuration)
2020-02-21 13:01:15,127 [INFO] IPUIPlugin:65 - create IPUIPlugin
2020-02-21 13:01:15,127 [INFO] PluginManager:200 - loadIPPluginJar : add mdma
2020-02-21 13:01:15,144 [INFO] IPUIPlugin:65 - create IPUIPlugin
2020-02-21 13:01:15,145 [INFO] PluginManager:200 - loadIPPluginJar : add freertos
2020-02-21 13:01:15,150 [INFO] IPUIPlugin:65 - create IPUIPlugin
2020-02-21 13:01:15,150 [INFO] PluginManager:200 - loadIPPluginJar : add gic
2020-02-21 13:01:15,153 [INFO] IPUIPlugin:65 - create IPUIPlugin
2020-02-21 13:01:15,153 [INFO] PluginManager:200 - loadIPPluginJar : add gfxsimulator
2020-02-21 13:01:15,182 [INFO] IPUIPlugin:65 - create IPUIPlugin
2020-02-21 13:01:15,182 [INFO] PluginManager:200 - loadIPPluginJar : add adc
2020-02-21 13:01:15,186 [INFO] IPUIPlugin:65 - create IPUIPlugin
2020-02-21 13:01:15,187 [INFO] PluginManager:200 - loadIPPluginJar : add gtzc
2020-02-21 13:01:15,188 [INFO] IPUIPlugin:65 - create IPUIPlugin
2020-02-21 13:01:15,189 [INFO] PluginManager:200 - loadIPPluginJar : add quadspi
2020-02-21 13:01:15,191 [INFO] IPUIPlugin:65 - create IPUIPlugin
2020-02-21 13:01:15,191 [INFO] PluginManager:200 - loadIPPluginJar : add aes
2020-02-21 13:01:15,208 [INFO] IPUIPlugin:65 - create IPUIPlugin
2020-02-21 13:01:15,209 [INFO] PluginManager:200 - loadIPPluginJar : add pdm2pcm
2020-02-21 13:01:15,211 [INFO] IPUIPlugin:65 - create IPUIPlugin
2020-02-21 13:01:15,211 [INFO] PluginManager:200 - loadIPPluginJar : add hash
2020-02-21 13:01:15,213 [INFO] IPUIPlugin:65 - create IPUIPlugin
2020-02-21 13:01:15,213 [INFO] PluginManager:200 - loadIPPluginJar : add tim
2020-02-21 13:01:15,214 [INFO] IPUIPlugin:65 - create IPUIPlugin
2020-02-21 13:01:15,215 [INFO] PluginManager:200 - loadIPPluginJar : add tsc
2020-02-21 13:01:15,217 [INFO] IPUIPlugin:65 - create IPUIPlugin
2020-02-21 13:01:15,217 [INFO] PluginManager:200 - loadIPPluginJar : add ts
2020-02-21 13:01:15,219 [INFO] IPUIPlugin:65 - create IPUIPlugin
2020-02-21 13:01:15,219 [INFO] PluginManager:200 - loadIPPluginJar : add can
2020-02-21 13:01:15,221 [INFO] IPUIPlugin:65 - create IPUIPlugin
2020-02-21 13:01:15,222 [INFO] PluginManager:200 - loadIPPluginJar : add dfsdm
2020-02-21 13:01:15,225 [INFO] IPUIPlugin:65 - create IPUIPlugin
2020-02-21 13:01:15,225 [INFO] PluginManager:200 - loadIPPluginJar : add spi
2020-02-21 13:01:15,228 [INFO] IPUIPlugin:65 - create IPUIPlugin
2020-02-21 13:01:15,228 [INFO] PluginManager:200 - loadIPPluginJar : add gfxmmu
2020-02-21 13:01:15,230 [INFO] IPUIPlugin:65 - create IPUIPlugin
2020-02-21 13:01:15,230 [INFO] PluginManager:200 - loadIPPluginJar : add genericplugin
2020-02-21 13:01:15,232 [INFO] IPUIPlugin:65 - create IPUIPlugin
2020-02-21 13:01:15,232 [INFO] PluginManager:200 - loadIPPluginJar : add cryp
2020-02-21 13:01:15,238 [INFO] IPUIPlugin:65 - create IPUIPlugin
2020-02-21 13:01:15,238 [INFO] PluginManager:200 - loadIPPluginJar : add gpio
2020-02-21 13:01:15,239 [INFO] IPUIPlugin:65 - create IPUIPlugin
2020-02-21 13:01:15,240 [INFO] PluginManager:200 - loadIPPluginJar : add comp
2020-02-21 13:01:15,242 [INFO] IPUIPlugin:65 - create IPUIPlugin
2020-02-21 13:01:15,242 [INFO] PluginManager:200 - loadIPPluginJar : add tracer_emb
2020-02-21 13:01:15,246 [INFO] IPUIPlugin:65 - create IPUIPlugin
2020-02-21 13:01:15,246 [INFO] PluginManager:200 - loadIPPluginJar : add stm32_wpan
2020-02-21 13:01:15,256 [INFO] IPUIPlugin:65 - create IPUIPlugin
2020-02-21 13:01:15,259 [INFO] PluginManager:200 - loadIPPluginJar : add plateformsettings
2020-02-21 13:01:15,262 [INFO] IPUIPlugin:65 - create IPUIPlugin
2020-02-21 13:01:15,262 [INFO] PluginManager:200 - loadIPPluginJar : add ipddr
2020-02-21 13:01:15,266 [INFO] IPUIPlugin:65 - create IPUIPlugin
2020-02-21 13:01:15,266 [INFO] PluginManager:200 - loadIPPluginJar : add usart
2020-02-21 13:01:15,268 [INFO] IPUIPlugin:65 - create IPUIPlugin
2020-02-21 13:01:15,268 [INFO] PluginManager:200 - loadIPPluginJar : add ltdc
2020-02-21 13:01:15,272 [INFO] IPUIPlugin:65 - create IPUIPlugin
2020-02-21 13:01:15,273 [INFO] PluginManager:200 - loadIPPluginJar : add nvic
2020-02-21 13:01:15,274 [INFO] IPUIPlugin:65 - create IPUIPlugin
2020-02-21 13:01:15,274 [INFO] PluginManager:200 - loadIPPluginJar : add fatfs
2020-02-21 13:01:15,279 [INFO] IPUIPlugin:65 - create IPUIPlugin
2020-02-21 13:01:15,280 [INFO] PluginManager:200 - loadIPPluginJar : add dma
2020-02-21 13:01:15,283 [INFO] IPUIPlugin:65 - create IPUIPlugin
2020-02-21 13:01:15,283 [INFO] PluginManager:200 - loadIPPluginJar : add fmc
2020-02-21 13:01:15,286 [INFO] IPUIPlugin:65 - create IPUIPlugin
2020-02-21 13:01:15,287 [INFO] PluginManager:200 - loadIPPluginJar : add i2s
2020-02-21 13:01:15,288 [INFO] IPUIPlugin:65 - create IPUIPlugin
2020-02-21 13:01:15,289 [INFO] PluginManager:200 - loadIPPluginJar : add ucpd
2020-02-21 13:01:15,292 [INFO] IPUIPlugin:65 - create IPUIPlugin
2020-02-21 13:01:15,292 [INFO] PluginManager:200 - loadIPPluginJar : add opamp
2020-02-21 13:01:15,295 [INFO] IPUIPlugin:65 - create IPUIPlugin
2020-02-21 13:01:15,296 [INFO] PluginManager:200 - loadIPPluginJar : add touchsensing
2020-02-21 13:01:15,299 [INFO] IPUIPlugin:65 - create IPUIPlugin
2020-02-21 13:01:15,299 [INFO] PluginManager:200 - loadIPPluginJar : add i2c
2020-02-21 13:01:15,304 [INFO] IPUIPlugin:65 - create IPUIPlugin
2020-02-21 13:01:15,305 [INFO] PluginManager:200 - loadIPPluginJar : add resmgrutility
2020-02-21 13:01:15,308 [INFO] IPUIPlugin:65 - create IPUIPlugin
2020-02-21 13:01:15,309 [INFO] PluginManager:200 - loadIPPluginJar : add sai
2020-02-21 13:01:15,464 [INFO] BoardConnectionPanel:226 - [DDR PANEL] osNameString: NotDefined
2020-02-21 13:01:15,585 [INFO] BoardConnectionPanel:3472 - [DDR PANEL] STM32CubeIDE environment
2020-02-21 13:01:15,586 [INFO] MainDdrPanel:103 - [DDR PANEL] GETTER - cubeProgrammerPath is: null
2020-02-21 13:01:15,978 [FATAL] Updater:277 - Updater called before beeing initialized
2020-02-21 13:01:16,302 [FATAL] Updater:277 - Updater called before beeing initialized
2020-02-21 13:01:16,305 [INFO] PinOutPanel:1399 - setPackage(No Configuration,No Configuration)
2020-02-21 13:01:16,306 [FATAL] Updater:277 - Updater called before beeing initialized
2020-02-21 13:01:16,310 [INFO] BoardConnectionPanel:3472 - [DDR PANEL] STM32CubeIDE environment
2020-02-21 13:01:16,310 [INFO] MainDdrPanel:103 - [DDR PANEL] GETTER - cubeProgrammerPath is: /Applications/STM32CubeIDE.app/Contents/Eclipse/plugins/com.st.stm32cube.ide.mcu.externaltools.cubeprogrammer.macos64_1.1.0.201910081157/tools/bin
2020-02-21 13:01:16,319 [INFO] ProgrammerExecThread:148 - [ProgrammerAPI] CubeProgrammer command construction: /Applications/STM32CubeIDE.app/Contents/Eclipse/plugins/com.st.stm32cube.ide.mcu.externaltools.cubeprogrammer.macos64_1.1.0.201910081157/tools/bin/STM32_Programmer_CLI -l
2020-02-21 13:01:16,521 [INFO] MainDdrPanel:93 - [DDR PANEL] SETTER - Set cubeProgrammerPath to: /Applications/STM32CubeIDE.app/Contents/Eclipse/plugins/com.st.stm32cube.ide.mcu.externaltools.cubeprogrammer.macos64_1.1.0.201910081157/tools/bin
2020-02-21 13:01:16,536 [INFO] Updater:886 - Updater Version found : 5.5.0
2020-02-21 13:01:16,594 [INFO] ApplicationProperties:181 - Using Application install path: /Applications/STM32CubeIDE.app/Contents/Eclipse/plugins/com.st.stm32cube.common.mx_5.5.0.201912201511
2020-02-21 13:01:16,804 [INFO] MainUpdater:2230 - connection check result : 10
2020-02-21 13:01:16,805 [INFO] MainUpdater:236 - Updater Check For Update Now.
2020-02-21 13:01:16,805 [INFO] MicroXplorer:420 - Change Database Version : DB.5.0.50
2020-02-21 13:01:16,842 [INFO] CheckServerUpdateThread:92 - End of CheckServer Thread
2020-02-21 13:01:16,954 [INFO] ThirdPartyDb:261 - Close Third Party DataBase File (/Users/gabrielespinosa/.stm32cubemx/plugins/thirdparty/db/thirdparties_db.xml)
2020-02-21 13:01:16,978 [INFO] IntegrityCheckThread:98 - End integrity checks thread
2020-02-21 13:01:17,021 [INFO] MainUpdater:2230 - connection check result : 10
2020-02-21 13:01:17,022 [INFO] LogOutputStream:76 - [STDOUT_REDIRECT] Successfull proxy connection.
2020-02-21 13:01:17,775 [INFO] McuFinderGlobals:40 - Set McuFinder mode to 2 (CubeIDE integrated)
2020-02-21 13:01:17,790 [INFO] FinderPluginLoader:86 - Searching for filters in installed packs
2020-02-21 13:01:17,791 [INFO] DbMcusXml:107 - Load MCU database from /Applications/STM32CubeIDE.app/Contents/Eclipse/plugins/com.st.stm32cube.common.mx_5.5.0.201912201511//db//mcu/families.xml
2020-02-21 13:01:18,333 [INFO] DbMcusJson:87 - JSON generation date=Thu Feb 20 03:54:13 PST 2020 (1582199653)
2020-02-21 13:01:19,000 [INFO] DbMcus:192 - Found 1628 MCUs (1588 are supported by CubeMX, 1588 are visible in CubeMX)
2020-02-21 13:01:19,001 [INFO] ApiDb:158 - Load user favorites file /Users/gabrielespinosa/.stm32cubeide/favorites.mcus.txt: 0 item(s)
2020-02-21 13:01:19,001 [INFO] ApiDb:163 - User favorites MCUs=[]
2020-02-21 13:01:19,001 [INFO] DbMcus:203 - Set 0 / 0 favorites MCUs
2020-02-21 13:01:19,663 [INFO] DbMcusAds:130 - JSON generation date=Thu Feb 20 04:54:13 PST 2020 (1582203253)
2020-02-21 13:01:19,666 [INFO] LoadUrlFilesThread:161 - End of LoadServerUrlFiles without Thread
2020-02-21 13:01:19,721 [INFO] McuDetailPanel:181 - Set advertising image to /Users/gabrielespinosa/STM32Cube/Repository//STM32L5_P4231S_big.jpg
2020-02-21 13:01:20,123 [INFO] McuFilterPanel:282 - Update 0 favorites MCUs
2020-02-21 13:01:20,271 [INFO] DbBoardsPdsc:92 - Found 4 items
2020-02-21 13:01:20,277 [INFO] DbBoardsPdsc:92 - Found 9 items
2020-02-21 13:01:20,282 [INFO] DbBoardsPdsc:92 - Found 2 items
2020-02-21 13:01:20,286 [INFO] DbBoardsPdsc:92 - Found 40 items
2020-02-21 13:01:20,290 [INFO] DbBoardsPdsc:92 - Found 27 items
2020-02-21 13:01:20,291 [INFO] DbBoardsPdsc:92 - Found 1 items
2020-02-21 13:01:20,296 [INFO] DbBoardsPdsc:92 - Found 39 items
2020-02-21 13:01:20,299 [INFO] DbBoardsPdsc:92 - Found 21 items
2020-02-21 13:01:20,300 [WARN] DbBoardsPdsc:256 - Board STEVAL-IDP005V1: unknown feature type=PWRSock, name=Power Socket, username=IO-Link 4-position M12 A-coded connector, n=1
2020-02-21 13:01:20,301 [WARN] DbBoardsPdsc:256 - Board STEVAL-IDP005V2: unknown feature type=PWRSock, name=Power Socket, username=IO-Link 4-position M12 A-coded connector, n=1
2020-02-21 13:01:20,302 [WARN] DbBoardsPdsc:256 - Board STM32H7B3I-DK: unknown feature type=Audio, name=, username=Audio stereo codec with Headphone Amp (CS42L51-CNZ), n=1
2020-02-21 13:01:20,302 [WARN] DbBoardsPdsc:256 - Board STM32H7B3I-DK: unknown feature type=WIFI, name=, username=WIFI 802.11 b/g/n, n=1
2020-02-21 13:01:20,304 [WARN] DbBoardsPdsc:256 - Board STM32H7B3I-EVAL: unknown feature type=Audio, name=, username=Multi-Channel Audio Codec (CS42L51-CNZ), n=1
2020-02-21 13:01:20,304 [WARN] DbBoardsPdsc:256 - Board STM32H7B3I-EVAL: unknown feature type=Meter, name=, username=Power-metering and Temperature-monitoring with sigma-delta modulators, n=1
2020-02-21 13:01:20,304 [WARN] DbBoardsPdsc:256 - Board STM32H7B3I-EVAL: unknown feature type=WIFI, name=, username=WIFI 802.11 a/b/g/n, n=1
2020-02-21 13:01:20,304 [WARN] DbBoardsPdsc:256 - Board STM32H7B3I-EVAL: unknown feature type=Motor, name=, username=Motor Control, n=1
2020-02-21 13:01:20,336 [INFO] DbBoardsJson:79 - JSON generation date=Tue Feb 11 05:53:55 PST 2020 (1581429235)
2020-02-21 13:01:20,341 [INFO] DbBoards:120 - Found 144 boards (140 are supported by CubeMX)
2020-02-21 13:01:20,348 [INFO] DbBoardsDocs:118 - JSON generation date=Thu Feb 20 03:54:13 PST 2020 (1582199653)
2020-02-21 13:01:20,356 [INFO] DbBoardsDocs:57 - Found 173 boards documents
2020-02-21 13:01:20,356 [WARN] DbBoards:130 - board STEVAL-MKSBOX1V1 has no document id list !
2020-02-21 13:01:20,356 [WARN] DbBoards:130 - board STEVAL-STWINKT1 has no document id list !
2020-02-21 13:01:20,356 [WARN] DbBoards:130 - board STEVAL-IDP005V1 has no document id list !
2020-02-21 13:01:20,356 [WARN] DbBoards:130 - board STEVAL-IDP005V2 has no document id list !
2020-02-21 13:01:20,356 [WARN] DbBoards:130 - board STEVAL-BFA001V1B has no document id list !
2020-02-21 13:01:20,356 [WARN] DbBoards:130 - board STEVAL-BFA001V2B has no document id list !
2020-02-21 13:01:20,357 [WARN] DbBoards:130 - board STM32F401C-DISCO has no document id list !
2020-02-21 13:01:20,357 [WARN] DbBoards:130 - board STM32F769I-DISC1 has no document id list !
2020-02-21 13:01:20,357 [WARN] DbBoards:130 - board STM32L-DISCOVERY has no document id list !
2020-02-21 13:01:20,358 [WARN] DbBoards:130 - board STM32H747I-DISC1 has no document id list !
2020-02-21 13:01:20,358 [WARN] DbBoards:130 - board STM32MP157A-DK1 has no document id list !
2020-02-21 13:01:20,358 [WARN] DbBoards:130 - board STM32L4P5G-DK has no document id list !
2020-02-21 13:01:20,358 [WARN] DbBoards:130 - board P-NUCLEO-WB55-Nucleo has no document id list !
2020-02-21 13:01:20,358 [WARN] DbBoards:130 - board P-NUCLEO-WB55-USBDongle has no document id list !
2020-02-21 13:01:20,359 [WARN] DbBoards:130 - board STM32100E-EVAL has no document id list !
2020-02-21 13:01:20,359 [WARN] DbBoards:130 - board STM32303C-EVAL has no document id list !
2020-02-21 13:01:20,359 [WARN] DbBoards:130 - board STM32L152D-EVAL has no document id list !
2020-02-21 13:01:20,359 [WARN] DbBoards:130 - board STM32H743I-EVAL2 has no document id list !
2020-02-21 13:01:20,359 [WARN] DbBoards:130 - board STM32H753I-EVAL2 has no document id list !
2020-02-21 13:01:20,359 [WARN] DbBoards:130 - board STM32G474E-EVAL1 has no document id list !
2020-02-21 13:01:20,360 [WARN] DbBoards:130 - board NUCLEO-H743ZI2 has no document id list !
2020-02-21 13:01:20,360 [WARN] DbBoards:130 - board NUCLEO-L4P5ZG has no document id list !
2020-02-21 13:01:21,019 [ERROR] DbBoards:192 - Image file not found for board P-NUCLEO-WB55: /Applications/STM32CubeIDE.app/Contents/Eclipse/plugins/com.st.stm32cube.common.mx_5.5.0.201912201511//db//plugins/mcufinder/images/boards/p-nucleo-wb55_small.jpg
2020-02-21 13:01:21,355 [INFO] ApiDb:158 - Load user favorites file /Users/gabrielespinosa/.stm32cubeide/favorites.boards.txt: 0 item(s)
2020-02-21 13:01:21,355 [INFO] ApiDb:163 - User favorites Boards=[]
2020-02-21 13:01:21,355 [INFO] DbBoards:209 - Set 0 / 0 favorites Boards
2020-02-21 13:01:21,417 [INFO] LoadUrlFilesThread:161 - End of LoadServerUrlFiles without Thread
2020-02-21 13:01:21,417 [INFO] BoardDetailPanel:179 - Set advertising image to /Users/gabrielespinosa/STM32Cube/Repository//STM32L5_P4231S_big.jpg
2020-02-21 13:01:21,432 [INFO] BoardFilterPanel:211 - Update 0 favorites Boards
2020-02-21 13:01:21,510 [INFO] CrossSelectorPresenter:1319 - Cross Selector saved comparison directory: /Users/gabrielespinosa/.stmcufinder/plugins/mcufinder/mcu/cs_comparisons_mx
2020-02-21 13:01:51,225 [INFO] LogOutputStream:76 - [STDOUT_REDIRECT] withoutVersionV1.15.0
2020-02-21 13:01:57,603 [INFO] LogOutputStream:76 - [STDOUT_REDIRECT] File copied successfully!!
2020-02-21 13:02:06,813 [INFO] MainUpdater:2230 - connection check result : 10
2020-02-21 13:02:07,302 [INFO] MicroXplorer:390 - Change Database Path : 
2020-02-21 13:02:07,303 [INFO] MicroXplorer:420 - Change Database Version : DB.5.0.50
2020-02-21 13:02:07,304 [INFO] PinOutPanel:1399 - setPackage(No Configuration,No Configuration)
2020-02-21 13:02:07,305 [INFO] UtilMem:74 - Begin LoadConfig() Used Memory: 395551560 Bytes (612368384)
2020-02-21 13:02:07,305 [INFO] OpenFileManager:274 - Change cursor
2020-02-21 13:02:09,239 [INFO] Rule:210 - rule SPDIFRX instance for mcu is applicable
2020-02-21 13:02:09,240 [INFO] Rule:210 - rule Rename Tracer Mode is applicable
2020-02-21 13:02:09,240 [INFO] Rule:210 - rule SPDIFRX instance value for IP SPDIFRX is applicable
2020-02-21 13:02:09,240 [INFO] Rule:210 - rule SPDIFRX instance for signal is applicable
2020-02-21 13:02:09,240 [INFO] Rule:210 - rule SPDIFRX instance for project manager is applicable
2020-02-21 13:02:09,240 [INFO] Rule:210 - rule SPDIFRX instance for project manager is applicable
2020-02-21 13:02:09,240 [INFO] Rule:210 - rule ADC Scan  fix with FW F7 is applicable
2020-02-21 13:02:09,240 [INFO] Rule:210 - rule ADC Scan  fix with FW F7 is applicable
2020-02-21 13:02:09,240 [INFO] Rule:210 - rule Rename DIE462/DIE415 pin PC14/OSC32_IN -> PC14-OSC32_IN (PC14) is applicable
2020-02-21 13:02:09,240 [INFO] Rule:210 - rule Rename DIE462/DIE415 pin PC15/OSC32_OUT -> PC15-OSC32_OUT (PC15) is applicable
2020-02-21 13:02:09,240 [INFO] Rule:210 - rule Rename DIE462/DIE415 pin PH0/OSC_IN -> PH0-OSC_IN (PH0) is applicable
2020-02-21 13:02:09,241 [INFO] Rule:210 - rule Rename DIE462/DIE415 pin PH1/OSC_OUT -> PH1-OSC_OUT (PH1) is applicable
2020-02-21 13:02:09,241 [INFO] Rule:210 - rule Rename DIE462 pin PA13 -> PA13 (JTMS/SWDIO) is applicable
2020-02-21 13:02:09,241 [INFO] Rule:210 - rule Rename DIE415 pin PA13 -> PA13 (JTMS/SWDIO) is applicable
2020-02-21 13:02:09,241 [INFO] Rule:210 - rule Rename DIE462 pin PA14 -> PA14 (JTCK/SWCLK) is applicable
2020-02-21 13:02:09,241 [INFO] Rule:210 - rule Rename DIE415 pin PA14 -> PA14 (JTCK/SWCLK) is applicable
2020-02-21 13:02:09,241 [INFO] Rule:210 - rule Rename DIE462/DIE415 pin PA15 -> PA15 (JTDI) is applicable
2020-02-21 13:02:09,241 [INFO] Rule:210 - rule Rename DIE462 pin PB3 -> PB3 (JTD0/TRACESWO) is applicable
2020-02-21 13:02:09,241 [INFO] Rule:210 - rule Rename DIE415 pin PB3 -> PB3 (JTD0-TRACESWO) is applicable
2020-02-21 13:02:09,241 [INFO] Rule:210 - rule Rename DIE462/DIE415 pin PB4 -> PB4 (NJTRST) is applicable
2020-02-21 13:02:09,241 [INFO] Rule:210 - rule Rename DIE462 pin PH3/BOOT0 -> PH3-BOOT0 (BOOT0) is applicable
2020-02-21 13:02:09,241 [INFO] Rule:210 - rule Rename CRYP DataEncryptionTypesList to Algorithm is applicable
2020-02-21 13:02:09,241 [INFO] Rule:210 - rule Rename AES DataEncryptionTypesList to Algorithm is applicable
2020-02-21 13:02:09,241 [INFO] Rule:210 - rule Rename TDESECB to CRYP_TDES_ECB is applicable
2020-02-21 13:02:09,241 [INFO] Rule:210 - rule Rename TDESCBC to CRYP_TDES_CBC is applicable
2020-02-21 13:02:09,241 [INFO] Rule:210 - rule Rename DESECB to CRYP_DES_ECB is applicable
2020-02-21 13:02:09,242 [INFO] Rule:210 - rule Rename DESCBC to CRYP_DES_CBC is applicable
2020-02-21 13:02:09,242 [INFO] Rule:210 - rule Rename AESECB to CRYP_AES_ECB is applicable
2020-02-21 13:02:09,242 [INFO] Rule:210 - rule Rename AESCBC to CRYP_AES_CBC is applicable
2020-02-21 13:02:09,242 [INFO] Rule:210 - rule Rename AESCTR to CRYP_AES_CTR is applicable
2020-02-21 13:02:09,242 [INFO] Rule:210 - rule Rename AESGCM to CRYP_AES_GCM is applicable
2020-02-21 13:02:09,242 [INFO] Rule:210 - rule Rename AESCCM to CRYP_AES_CCM is applicable
2020-02-21 13:02:09,242 [INFO] Rule:210 - rule Rename CAN TimeSeg1 to BS1 is applicable
2020-02-21 13:02:09,242 [INFO] Rule:210 - rule Rename CAN TimeSeg2 to BS2 is applicable
2020-02-21 13:02:09,242 [INFO] Rule:210 - rule Rename CAN SyncJumpWidth to SJW is applicable
2020-02-21 13:02:09,242 [INFO] Rule:210 - rule TimeTriggeredMode to TTCM is applicable
2020-02-21 13:02:09,242 [INFO] Rule:210 - rule Rename CAN AutoBusOff to ABOM is applicable
2020-02-21 13:02:09,242 [INFO] Rule:210 - rule Rename CAN AutoWakeUp to AWUM is applicable
2020-02-21 13:02:09,242 [INFO] Rule:210 - rule Rename CAN AutoRetransmission to NART is applicable
2020-02-21 13:02:09,242 [INFO] Rule:210 - rule Rename CAN ReceiveFifoLocked to RFLM is applicable
2020-02-21 13:02:09,242 [INFO] Rule:210 - rule Rename CAN TransmitFifoPriority to TXFP is applicable
2020-02-21 13:02:09,242 [INFO] Rule:210 - rule Rename HRTIMER HRTIM_OUTPUTFAULTLEVEL_HIGH in HRTIMER HRTIM_OUTPUTFAULTLEVEL_HIGHZ is applicable
2020-02-21 13:02:09,243 [INFO] Rule:210 - rule Rename TIMER TIM_CLEARINPUTSOURCE_OCREFCLR in  TIMER TIM_CLEARINPUTSOURCE_NONE for F7 family is applicable
2020-02-21 13:02:09,243 [INFO] Rule:210 - rule FDCAN_R1 - Rename FDCAN mode Master into Classic is applicable
2020-02-21 13:02:09,243 [INFO] Rule:210 - rule FDCAN_R2 - Rename FDCAN mode Slave into Classic is applicable
2020-02-21 13:02:09,243 [INFO] Rule:210 - rule FDCAN1_R3 - if PA10.Mode=FullDuplex, add Pin PA12 is applicable
2020-02-21 13:02:09,243 [INFO] Rule:210 - rule FDCAN1_R3 - if PA9.Mode=FullDuplex, add Pin PA11 is applicable
2020-02-21 13:02:09,243 [INFO] Rule:210 - rule FDCAN1_R3 - Alternatepin_1 - if PE1.Mode=FullDuplex, add Pin PB9 is applicable
2020-02-21 13:02:09,243 [INFO] Rule:210 - rule FDCAN1_R3 - Alternatepin_1 - if PE0.Mode=FullDuplex, add Pin PB8 is applicable
2020-02-21 13:02:09,243 [INFO] Rule:210 - rule FDCAN1_R3 - Alternatepin_2 - if PD5.Mode=FullDuplex, add Pin PD1 is applicable
2020-02-21 13:02:09,243 [INFO] Rule:210 - rule FDCAN1_R3 - Alternatepin_2 - if PD4.Mode=FullDuplex, add Pin PD0 is applicable
2020-02-21 13:02:09,243 [INFO] Rule:210 - rule FDCAN1_R4 - Rename Mode FullDuplex into Enable FDCAN_TXFD for pin PA10 is applicable
2020-02-21 13:02:09,243 [INFO] Rule:210 - rule FDCAN1_R4 - Rename Mode FullDuplex into Enable FDCAN_TXFD for pin PA9 is applicable
2020-02-21 13:02:09,243 [INFO] Rule:210 - rule FDCAN1_R4 - Alternatepin_1 - Rename Mode FullDuplex into Enable FDCAN_TXFD for pin PE1 is applicable
2020-02-21 13:02:09,243 [INFO] Rule:210 - rule FDCAN1_R4 - Alternatepin_1 - Rename Mode FullDuplex into Enable FDCAN_TXFD for pin PE0 is applicable
2020-02-21 13:02:09,243 [INFO] Rule:210 - rule FDCAN1_R4 - Alternatepin_2 - Rename Mode FullDuplex into Enable FDCAN_TXFD for pin PD5 is applicable
2020-02-21 13:02:09,243 [INFO] Rule:210 - rule FDCAN1_R4 - Alternatepin_2 - Rename Mode FullDuplex into Enable FDCAN_TXFD for pin PD4 is applicable
2020-02-21 13:02:09,243 [INFO] Rule:210 - rule FDCAN2_R3 - if PD10.Mode=FullDuplex, add Pin PB13 is applicable
2020-02-21 13:02:09,244 [INFO] Rule:210 - rule FDCAN2_R3 - if PD9.Mode=FullDuplex, add Pin PB12 is applicable
2020-02-21 13:02:09,244 [INFO] Rule:210 - rule FDCAN2_R3 - Alternatepin_1 - if PB7.Mode=FullDuplex, add Pin PB6 is applicable
2020-02-21 13:02:09,244 [INFO] Rule:210 - rule FDCAN2_R3 - Alternatepin_1 - if PD9.Mode=FullDuplex, add Pin PB12 is applicable
2020-02-21 13:02:09,244 [INFO] Rule:210 - rule FDCAN2_R4 - Rename Mode FullDuplex into Enable FDCAN_TXFD for pin PD10 is applicable
2020-02-21 13:02:09,244 [INFO] Rule:210 - rule FDCAN2_R4 - Rename Mode FullDuplex into Enable FDCAN_TXFD for pin PD9 is applicable
2020-02-21 13:02:09,244 [INFO] Rule:210 - rule FDCAN2_R4 - Alternatepin_1 - Rename Mode FullDuplex into Enable FDCAN_TXFD for pin PB7 is applicable
2020-02-21 13:02:09,244 [INFO] Rule:210 - rule FDCAN2_R4 - Alternatepin_1 - Rename Mode FullDuplex into Enable FDCAN_TXFD for pin PD6 is applicable
2020-02-21 13:02:09,244 [INFO] Rule:210 - rule USART TxPinLevelInvertParam Mode is applicable
2020-02-21 13:02:09,244 [INFO] Rule:210 - rule USART RxPinLevelInvertParam Mode is applicable
2020-02-21 13:02:09,244 [INFO] Rule:210 - rule USART DataInvertParam Mode is applicable
2020-02-21 13:02:09,244 [INFO] Rule:210 - rule USART SwapParam Mode is applicable
2020-02-21 13:02:09,244 [INFO] Rule:210 - rule USART OverrunDisableParam Mode is applicable
2020-02-21 13:02:09,244 [INFO] Rule:210 - rule USART DMADisableonRxErrorParam Mode is applicable
2020-02-21 13:02:09,244 [INFO] Rule:210 - rule USART MSBFirstParam Mode is applicable
2020-02-21 13:02:09,244 [INFO] Rule:210 - rule Update MwName for USB_DEVICE is applicable
2020-02-21 13:02:09,244 [INFO] Rule:210 - rule Change PWR_Regulator_Voltage_Scale Default Value for RCC  H7 family is applicable
2020-02-21 13:02:09,245 [INFO] Rule:210 - rule UART/USART IPParameter rename Prescaler parameter to ClockPrescaler is applicable
2020-02-21 13:02:09,245 [INFO] Rule:210 - rule UART/USART Prescaler rename Prescaler parameter to ClockPrescaler is applicable
2020-02-21 13:02:09,245 [INFO] Rule:210 - rule TIM1CLockSelection is applicable
2020-02-21 13:02:09,245 [INFO] Rule:210 - rule TIM15CLockSelection is applicable
2020-02-21 13:02:09,245 [INFO] Rule:210 - rule align RCC SDMMC3CLockSelection default value on MP1 is applicable
2020-02-21 13:02:09,245 [INFO] Rule:210 - rule align RCC SDMMC12CLockSelection default value on MP1 is applicable
2020-02-21 13:02:09,245 [INFO] Rule:210 - rule align RCC QSPICLockSelection default value on MP1 is applicable
2020-02-21 13:02:09,245 [INFO] Rule:210 - rule align RCC QSPICLockSelection default value on MP1 is applicable
2020-02-21 13:02:09,245 [INFO] Rule:210 - rule align RCC SPI6CLockSelection default value on MP1 is applicable
2020-02-21 13:02:09,245 [INFO] Rule:210 - rule align RCC LPTIM23CLockSelection default value on MP1 is applicable
2020-02-21 13:02:09,245 [INFO] Rule:210 - rule align RCC LPTIM1CLockSelection default value on MP1 is applicable
2020-02-21 13:02:09,245 [INFO] Rule:210 - rule align RCC USART1CLockSelection default value on MP1 is applicable
2020-02-21 13:02:09,245 [INFO] Rule:210 - rule align RCC USART24CLockSelection default value on MP1 is applicable
2020-02-21 13:02:09,245 [INFO] Rule:210 - rule align RCC USART6CLockSelection default value on MP1 is applicable
2020-02-21 13:02:09,245 [INFO] Rule:210 - rule align RCC UART78CLockSelection default value on MP1 is applicable
2020-02-21 13:02:09,245 [INFO] Rule:210 - rule align RCC USART35CLockSelection default value on MP1 is applicable
2020-02-21 13:02:09,246 [INFO] Rule:210 - rule align RCC SPI45CLockSelection default value on MP1 is applicable
2020-02-21 13:02:09,246 [INFO] Rule:210 - rule align RCC I2C46CLockSelection BCLK value on MP1 is applicable
2020-02-21 13:02:09,246 [INFO] Rule:210 - rule align RCC SPI45CLockSelection default value on MP1 is applicable
2020-02-21 13:02:09,246 [INFO] Rule:210 - rule align RCC I2C12CLockSelection default value on MP1 is applicable
2020-02-21 13:02:09,246 [INFO] Rule:210 - rule align RCC I2C35CLockSelection default value on MP1 is applicable
2020-02-21 13:02:09,246 [INFO] Rule:210 - rule align RCC LPTIM45CLockSelection default value on MP1 is applicable
2020-02-21 13:02:09,246 [INFO] Rule:210 - rule Rename DCMI PIXCK signal is applicable
2020-02-21 13:02:09,246 [INFO] Rule:210 - rule Change Default Value for I2C46CLockSelection MP1 family is applicable
2020-02-21 13:02:09,246 [INFO] Rule:210 - rule Change Default Value for UART for G4, G0 and WB families is applicable
2020-02-21 13:02:09,246 [INFO] Rule:210 - rule Change Default Value for USART for G4, G0 and WB families is applicable
2020-02-21 13:02:09,246 [INFO] Rule:210 - rule Change Default Value for USART for G4 family is applicable
2020-02-21 13:02:09,246 [INFO] Rule:210 - rule Change USART1CLockSelection refparam name for MP1 is applicable
2020-02-21 13:02:09,246 [INFO] Rule:210 - rule Change USART2CLockSelection refparam name for MP1 is applicable
2020-02-21 13:02:09,246 [INFO] Rule:210 - rule Change USART3CLockSelection refparam name for MP1 is applicable
2020-02-21 13:02:09,246 [INFO] Rule:210 - rule Change UART4CLockSelection refparam name for MP1 is applicable
2020-02-21 13:02:09,246 [INFO] Rule:210 - rule Change UART5CLockSelection refparam name for MP1 is applicable
2020-02-21 13:02:09,246 [INFO] Rule:210 - rule Change LPUART1CLockSelection refparam name for MP1 is applicable
2020-02-21 13:02:09,247 [INFO] Rule:210 - rule Change LPTIM1CLockSelection refparam name for MP1 is applicable
2020-02-21 13:02:09,247 [INFO] Rule:210 - rule Change LPTIM2CLockSelection refparam name for MP1 is applicable
2020-02-21 13:02:09,247 [INFO] Rule:210 - rule Change RCC_MCO1Source refparam name for MP1 is applicable
2020-02-21 13:02:09,247 [INFO] Rule:210 - rule Change LSCOSource1 refparam name for MP1 is applicable
2020-02-21 13:02:09,247 [INFO] Rule:210 - rule Change SMPSCLockSelection refparam name for MP1 is applicable
2020-02-21 13:02:09,247 [INFO] Rule:210 - rule Change LPTIM3CLockSelection refparam name for MP1 is applicable
2020-02-21 13:02:09,247 [INFO] Rule:210 - rule Change MPCBB* Default Template Mode to Parameters is applicable
2020-02-21 13:02:09,247 [INFO] Rule:210 - rule Change MPCWM* or MPCBB* Secure Mode to Parameters is applicable
2020-02-21 13:02:09,247 [INFO] Rule:210 - rule Change MPCWM* or MPCBB* No Secure Mode to Parameters is applicable
2020-02-21 13:02:09,247 [INFO] Rule:210 - rule Change TZSC IP Secure Mode to Parameters is applicable
2020-02-21 13:02:09,247 [INFO] Rule:210 - rule Change TZSC IP No Secure Mode to Parameters is applicable
2020-02-21 13:02:09,247 [INFO] Rule:210 - rule Change TZSC IP Privilege Mode to Parameters is applicable
2020-02-21 13:02:09,247 [INFO] Rule:210 - rule Change TZSC IP No Privilege Mode to Parameters is applicable
2020-02-21 13:02:09,247 [INFO] Rule:210 - rule Change TZIC IT Secure Mode to Parameters is applicable
2020-02-21 13:02:09,247 [INFO] Rule:210 - rule Change TZIC IT No Secure Mode to Parameters is applicable
2020-02-21 13:02:09,247 [INFO] Rule:210 - rule Add MPCBB1_NonSecureArea_Start_Address value with referenced to MPCBB1_NonSecureArea_Start value is applicable
2020-02-21 13:02:09,247 [INFO] Rule:210 - rule Add MPCBB2_NonSecureArea_Start_Address value with referenced to MPCBB2_NonSecureArea_Start value is applicable
2020-02-21 13:02:09,248 [INFO] Rule:210 - rule Add MPCWM1_NonSecureArea*_Start_Address value with referenced to MPCWM1_NonSecureArea*_Start value is applicable
2020-02-21 13:02:09,248 [INFO] Rule:210 - rule Add MPCWM2_NonSecureArea*_Start_Address value with referenced to MPCWM2_NonSecureArea*_Start value is applicable
2020-02-21 13:02:09,248 [INFO] Rule:210 - rule Add MPCWM3_NonSecureArea_Start_Address value with referenced to MPCWM3_NonSecureArea_Start value is applicable
2020-02-21 13:02:09,257 [INFO] DbConfProperties:222 - Apply Compatibility (30/127 Rules)
2020-02-21 13:02:09,275 [INFO] ImportTextPane:162 - (OptionalMessage_ERROR) Unable to find key (Mcu.ThirdPartyNb) in loaded IOC file
2020-02-21 13:02:09,315 [INFO] ImportTextPane:162 - (OptionalMessage_ERROR) IP (RCC) : Invalid parameter (48MHZClocksFreq_Value)
2020-02-21 13:02:09,315 [INFO] ImportTextPane:162 - (OptionalMessage_ERROR) IP (RCC) : Invalid parameter (ADC12outputFreq_Value)
2020-02-21 13:02:09,315 [INFO] ImportTextPane:162 - (OptionalMessage_ERROR) IP (RCC) : Invalid parameter (ADC34outputFreq_Value)
2020-02-21 13:02:09,315 [INFO] ImportTextPane:162 - (OptionalMessage_ERROR) IP (RCC) : Invalid parameter (FamilyName)
2020-02-21 13:02:09,315 [INFO] ImportTextPane:162 - (OptionalMessage_ERROR) IP (RCC) : Invalid parameter (I2SClocksFreq_Value)
2020-02-21 13:02:09,315 [INFO] ImportTextPane:162 - (OptionalMessage_ERROR) IP (RCC) : Invalid parameter (MCOFreq_Value)
2020-02-21 13:02:09,316 [INFO] ImportTextPane:162 - (OptionalMessage_ERROR) IP (RCC) : Invalid parameter (PLLMCOFreq_Value)
2020-02-21 13:02:09,316 [INFO] ImportTextPane:162 - (OptionalMessage_ERROR) IP (RCC) : Invalid parameter (PLLMUL)
2020-02-21 13:02:09,316 [INFO] ImportTextPane:162 - (OptionalMessage_ERROR) IP (RCC) : Invalid parameter (PRESCALERUSB)
2020-02-21 13:02:09,316 [INFO] ImportTextPane:162 - (OptionalMessage_ERROR) IP (RCC) : Invalid parameter (RTCHSEDivFreq_Value)
2020-02-21 13:02:09,316 [INFO] ImportTextPane:162 - (OptionalMessage_ERROR) IP (RCC) : Parameter (SDMMCFreq_Value) has invalid value (72000000)
2020-02-21 13:02:09,316 [INFO] ImportTextPane:162 - (OptionalMessage_ERROR) IP (RCC) : Invalid parameter (SYSCLKSourceVirtual)
2020-02-21 13:02:09,317 [INFO] ImportTextPane:162 - (OptionalMessage_ERROR) IP (RCC) : Invalid parameter (TIM15Freq_Value)
2020-02-21 13:02:09,317 [INFO] ImportTextPane:162 - (OptionalMessage_ERROR) IP (RCC) : Invalid parameter (TIM16Freq_Value)
2020-02-21 13:02:09,317 [INFO] ImportTextPane:162 - (OptionalMessage_ERROR) IP (RCC) : Invalid parameter (TIM17Freq_Value)
2020-02-21 13:02:09,317 [INFO] ImportTextPane:162 - (OptionalMessage_ERROR) IP (RCC) : Invalid parameter (TIM1Freq_Value)
2020-02-21 13:02:09,317 [INFO] ImportTextPane:162 - (OptionalMessage_ERROR) IP (RCC) : Invalid parameter (TIM20Freq_Value)
2020-02-21 13:02:09,317 [INFO] ImportTextPane:162 - (OptionalMessage_ERROR) IP (RCC) : Invalid parameter (TIM2Freq_Value)
2020-02-21 13:02:09,317 [INFO] ImportTextPane:162 - (OptionalMessage_ERROR) IP (RCC) : Invalid parameter (TIM3Freq_Value)
2020-02-21 13:02:09,317 [INFO] ImportTextPane:162 - (OptionalMessage_ERROR) IP (RCC) : Invalid parameter (TIM8Freq_Value)
2020-02-21 13:02:09,317 [INFO] ImportTextPane:162 - (OptionalMessage_ERROR) IP (RCC) : Invalid parameter (VCOOutput2Freq_Value)
2020-02-21 13:02:09,318 [INFO] ImportTextPane:162 - (OptionalMessage_ERROR) IP (RCC) : Invalid parameter (VcooutputI2S)
2020-02-21 13:02:09,485 [INFO] UtilMem:74 - End LoadConfig() Used Memory: 328478032 Bytes (612368384)
2020-02-21 13:02:09,505 [INFO] ThirdPartyDb:295 - Open Third Party DataBase File (/Users/gabrielespinosa/.stm32cubemx/plugins/thirdparty/db/thirdparties_db.xml) : 3 ms. number of Sw pack : 15
2020-02-21 13:02:09,561 [INFO] ThirdParty:899 - CMSIS Pack Vendor :STMicroelectronics X-CUBE-BLE1 5.0.0
2020-02-21 13:02:09,562 [INFO] ThirdParty:899 - CMSIS Pack Vendor :STMicroelectronics X-CUBE-SUBG2 1.1.0
2020-02-21 13:02:09,562 [INFO] ThirdParty:899 - CMSIS Pack Vendor :STMicroelectronics X-CUBE-GNSS1 4.1.0
2020-02-21 13:02:09,562 [INFO] ThirdParty:899 - CMSIS Pack Vendor :ARM CMSIS 5.6.0
2020-02-21 13:02:09,562 [INFO] ThirdParty:899 - CMSIS Pack Vendor :STMicroelectronics X-CUBE-NFC4 1.5.1
2020-02-21 13:02:09,562 [INFO] ThirdParty:899 - CMSIS Pack Vendor :STMicroelectronics X-CUBE-NFC4 1.5.0
2020-02-21 13:02:09,562 [INFO] ThirdParty:899 - CMSIS Pack Vendor :STMicroelectronics X-CUBE-AI 4.1.0
2020-02-21 13:02:09,562 [INFO] ThirdParty:899 - CMSIS Pack Vendor :STMicroelectronics FreeRTOS 0.0.1
2020-02-21 13:02:09,562 [INFO] ThirdParty:899 - CMSIS Pack Vendor :STMicroelectronics X-CUBE-BLE1 4.4.0
2020-02-21 13:02:09,562 [INFO] ThirdParty:899 - CMSIS Pack Vendor :STMicroelectronics X-CUBE-MEMS1 7.0.0
2020-02-21 13:02:09,562 [INFO] ThirdParty:899 - CMSIS Pack Vendor :STMicroelectronics X-CUBE-GNSS1 3.1.0
2020-02-21 13:02:09,562 [INFO] ThirdParty:899 - CMSIS Pack Vendor :STMicroelectronics X-CUBE-TOUCHGFX 4.13.0
2020-02-21 13:02:09,562 [INFO] ThirdParty:899 - CMSIS Pack Vendor :STMicroelectronics X-CUBE-AI 5.0.0
2020-02-21 13:02:09,562 [INFO] ThirdParty:899 - CMSIS Pack Vendor :STMicroelectronics X-CUBE-BLE2 1.0.0
2020-02-21 13:02:09,878 [INFO] PinOutPanel:1399 - setPackage(No Configuration,No Configuration)
2020-02-21 13:02:09,879 [INFO] PinOutPanel:1399 - setPackage(STM32F746ZGTx,LQFP144)
2020-02-21 13:02:10,335 [INFO] UtilMem:74 - Before build in PCC Used Memory: 506984696 Bytes (612368384)
2020-02-21 13:02:10,601 [INFO] SharedServices:71 - Folder for power plug-in: /Users/gabrielespinosa/.stm32cubemx/plugins/power
2020-02-21 13:02:10,602 [INFO] UtilMem:74 - After build in PCC Used Memory: 522191104 Bytes (612368384)
2020-02-21 13:02:10,631 [INFO] IPUIPlugin:65 - create IPUIPlugin
2020-02-21 13:02:10,631 [INFO] IPUIPlugin:65 - create IPUIPlugin
2020-02-21 13:02:10,631 [INFO] IPUIPlugin:65 - create IPUIPlugin
2020-02-21 13:02:10,631 [INFO] IPUIPlugin:65 - create IPUIPlugin
2020-02-21 13:02:10,631 [INFO] IPUIPlugin:65 - create IPUIPlugin
2020-02-21 13:02:10,631 [INFO] IPUIPlugin:65 - create IPUIPlugin
2020-02-21 13:02:10,632 [INFO] IPUIPlugin:65 - create IPUIPlugin
2020-02-21 13:02:10,632 [INFO] IPUIPlugin:65 - create IPUIPlugin
2020-02-21 13:02:10,632 [INFO] IPUIPlugin:65 - create IPUIPlugin
2020-02-21 13:02:10,632 [INFO] IPUIPlugin:65 - create IPUIPlugin
2020-02-21 13:02:10,632 [INFO] IPUIPlugin:65 - create IPUIPlugin
2020-02-21 13:02:10,632 [INFO] IPUIPlugin:65 - create IPUIPlugin
2020-02-21 13:02:10,632 [INFO] IPUIPlugin:65 - create IPUIPlugin
2020-02-21 13:02:10,632 [INFO] IPUIPlugin:65 - create IPUIPlugin
2020-02-21 13:02:10,633 [INFO] IPUIPlugin:65 - create IPUIPlugin
2020-02-21 13:02:10,633 [INFO] IPUIPlugin:65 - create IPUIPlugin
2020-02-21 13:02:10,633 [INFO] IPUIPlugin:65 - create IPUIPlugin
2020-02-21 13:02:10,633 [INFO] IPUIPlugin:65 - create IPUIPlugin
2020-02-21 13:02:10,633 [INFO] IPUIPlugin:65 - create IPUIPlugin
2020-02-21 13:02:10,633 [INFO] IPUIPlugin:65 - create IPUIPlugin
2020-02-21 13:02:10,633 [INFO] IPUIPlugin:65 - create IPUIPlugin
2020-02-21 13:02:10,633 [INFO] IPUIPlugin:65 - create IPUIPlugin
2020-02-21 13:02:10,634 [INFO] IPUIPlugin:65 - create IPUIPlugin
2020-02-21 13:02:10,634 [INFO] IPUIPlugin:65 - create IPUIPlugin
2020-02-21 13:02:10,634 [INFO] IPUIPlugin:65 - create IPUIPlugin
2020-02-21 13:02:10,634 [INFO] IPUIPlugin:65 - create IPUIPlugin
2020-02-21 13:02:10,634 [INFO] IPUIPlugin:65 - create IPUIPlugin
2020-02-21 13:02:10,634 [INFO] IPUIPlugin:65 - create IPUIPlugin
2020-02-21 13:02:10,634 [INFO] IPUIPlugin:65 - create IPUIPlugin
2020-02-21 13:02:10,634 [INFO] IPUIPlugin:65 - create IPUIPlugin
2020-02-21 13:02:10,634 [INFO] IPUIPlugin:65 - create IPUIPlugin
2020-02-21 13:02:10,635 [INFO] IPUIPlugin:65 - create IPUIPlugin
2020-02-21 13:02:10,635 [INFO] IPUIPlugin:65 - create IPUIPlugin
2020-02-21 13:02:10,635 [INFO] IPUIPlugin:65 - create IPUIPlugin
2020-02-21 13:02:10,635 [INFO] IPUIPlugin:65 - create IPUIPlugin
2020-02-21 13:02:10,635 [INFO] IPUIPlugin:65 - create IPUIPlugin
2020-02-21 13:02:10,635 [INFO] IPUIPlugin:65 - create IPUIPlugin
2020-02-21 13:02:10,636 [INFO] IPUIPlugin:65 - create IPUIPlugin
2020-02-21 13:02:10,636 [INFO] IPUIPlugin:65 - create IPUIPlugin
2020-02-21 13:02:10,636 [INFO] IPUIPlugin:65 - create IPUIPlugin
2020-02-21 13:02:10,636 [INFO] IPUIPlugin:65 - create IPUIPlugin
2020-02-21 13:02:10,636 [INFO] IPUIPlugin:65 - create IPUIPlugin
2020-02-21 13:02:10,636 [INFO] IPUIPlugin:65 - create IPUIPlugin
2020-02-21 13:02:10,636 [INFO] IPUIPlugin:65 - create IPUIPlugin
2020-02-21 13:02:10,636 [INFO] IPUIPlugin:65 - create IPUIPlugin
2020-02-21 13:02:10,636 [INFO] IPUIPlugin:65 - create IPUIPlugin
2020-02-21 13:02:10,637 [INFO] IPUIPlugin:65 - create IPUIPlugin
2020-02-21 13:02:10,637 [INFO] IPUIPlugin:65 - create IPUIPlugin
2020-02-21 13:02:10,637 [INFO] IPUIPlugin:65 - create IPUIPlugin
2020-02-21 13:02:10,637 [INFO] IPUIPlugin:65 - create IPUIPlugin
2020-02-21 13:02:10,637 [INFO] IPUIPlugin:65 - create IPUIPlugin
2020-02-21 13:02:10,637 [INFO] IPUIPlugin:65 - create IPUIPlugin
2020-02-21 13:02:10,637 [INFO] IPUIPlugin:65 - create IPUIPlugin
2020-02-21 13:02:10,637 [INFO] IPUIPlugin:65 - create IPUIPlugin
2020-02-21 13:02:10,637 [INFO] IPUIPlugin:65 - create IPUIPlugin
2020-02-21 13:02:10,637 [INFO] IPUIPlugin:65 - create IPUIPlugin
2020-02-21 13:02:10,637 [INFO] IPUIPlugin:65 - create IPUIPlugin
2020-02-21 13:02:10,638 [INFO] IPUIPlugin:65 - create IPUIPlugin
2020-02-21 13:02:10,638 [INFO] IPUIPlugin:65 - create IPUIPlugin
2020-02-21 13:02:10,638 [INFO] IPUIPlugin:65 - create IPUIPlugin
2020-02-21 13:02:10,638 [INFO] IPUIPlugin:65 - create IPUIPlugin
2020-02-21 13:02:10,638 [INFO] IPUIPlugin:65 - create IPUIPlugin
2020-02-21 13:02:10,638 [INFO] IPUIPlugin:65 - create IPUIPlugin
2020-02-21 13:02:10,638 [INFO] IPUIPlugin:65 - create IPUIPlugin
2020-02-21 13:02:10,638 [INFO] IPUIPlugin:65 - create IPUIPlugin
2020-02-21 13:02:10,638 [INFO] IPUIPlugin:65 - create IPUIPlugin
2020-02-21 13:02:10,638 [INFO] IPUIPlugin:65 - create IPUIPlugin
2020-02-21 13:02:10,639 [INFO] IPUIPlugin:65 - create IPUIPlugin
2020-02-21 13:02:10,639 [INFO] IPUIPlugin:65 - create IPUIPlugin
2020-02-21 13:02:10,639 [INFO] IPUIPlugin:65 - create IPUIPlugin
2020-02-21 13:02:10,639 [INFO] IPUIPlugin:65 - create IPUIPlugin
2020-02-21 13:02:10,639 [INFO] IPUIPlugin:65 - create IPUIPlugin
2020-02-21 13:02:10,639 [INFO] IPUIPlugin:65 - create IPUIPlugin
2020-02-21 13:02:10,639 [INFO] IPUIPlugin:65 - create IPUIPlugin
2020-02-21 13:02:10,691 [INFO] LogOutputStream:76 - [STDOUT_REDIRECT] toolchainItems.length=====1
2020-02-21 13:02:10,776 [INFO] OpenFileManager:294 - Restore cursor
2020-02-21 13:02:11,038 [INFO] UtilMem:74 - End SaveConfig() Used Memory: 398473952 Bytes (612368384)
2020-02-21 13:02:11,053 [INFO] UtilMem:74 - End SaveConfig() Used Memory: 403719040 Bytes (612368384)
2020-02-21 13:02:11,547 [INFO] BlockDiagram:2751 - set Specific Code input for plugin: SYS
2020-02-21 13:02:11,548 [INFO] BlockDiagram:2751 - set Specific Code input for plugin: RCC
2020-02-21 13:02:11,548 [INFO] BlockDiagram:2751 - set Specific Code input for plugin: USB_OTG_FS
2020-02-21 13:02:11,548 [INFO] BlockDiagram:2751 - set Specific Code input for plugin: NVIC
2020-02-21 13:02:11,548 [INFO] BlockDiagram:2751 - set Specific Code input for plugin: USART
2020-02-21 13:02:11,548 [INFO] BlockDiagram:2751 - set Specific Code input for plugin: CORTEX_M7
2020-02-21 13:02:11,548 [INFO] BlockDiagram:2751 - set Specific Code input for plugin: GPIO
2020-02-21 13:02:11,548 [INFO] BlockDiagram:2751 - set Specific Code input for plugin: ETH
2020-02-21 13:02:11,549 [INFO] CodeGenerator:601 - code generatio: config db path: /Applications/STM32CubeIDE.app/Contents/Eclipse/plugins/com.st.stm32cube.common.mx_5.5.0.201912201511//db/
2020-02-21 13:02:12,042 [INFO] CodeEngine:193 - oldGeneratedFile, /Users/gabrielespinosa/STM32CubeIDE/workspace_1.2.0/DMA_Test/MXTmpFiles/license.tmp_save
2020-02-21 13:02:12,339 [INFO] CodeEngine:211 - Generated code: /Users/gabrielespinosa/STM32CubeIDE/workspace_1.2.0/DMA_Test/MXTmpFiles/license.tmp
2020-02-21 13:02:12,492 [INFO] CodeEngine:193 - oldGeneratedFile, /Users/gabrielespinosa/STM32CubeIDE/workspace_1.2.0/DMA_Test/MXTmpFiles/gpio.tmp_save
2020-02-21 13:02:12,562 [INFO] CodeEngine:211 - Generated code: /Users/gabrielespinosa/STM32CubeIDE/workspace_1.2.0/DMA_Test/MXTmpFiles/gpio.tmp
2020-02-21 13:02:12,802 [INFO] LogOutputStream:76 - [STDOUT_REDIRECT] Command line
2020-02-21 13:02:12,802 [INFO] LogOutputStream:76 - [STDOUT_REDIRECT] Debug : prepare data for CORTEX_M7
2020-02-21 13:02:12,802 [INFO] LogOutputStream:76 - [STDOUT_REDIRECT] Command line test
2020-02-21 13:02:12,808 [INFO] CodeEngine:193 - oldGeneratedFile, /Users/gabrielespinosa/STM32CubeIDE/workspace_1.2.0/DMA_Test/MXTmpFiles/cortex.tmp_save
2020-02-21 13:02:12,856 [INFO] CodeEngine:211 - Generated code: /Users/gabrielespinosa/STM32CubeIDE/workspace_1.2.0/DMA_Test/MXTmpFiles/cortex.tmp
2020-02-21 13:02:12,857 [INFO] LogOutputStream:76 - [STDOUT_REDIRECT] Command line
2020-02-21 13:02:12,857 [INFO] LogOutputStream:76 - [STDOUT_REDIRECT] Debug : prepare data for ETH
2020-02-21 13:02:12,857 [INFO] LogOutputStream:76 - [STDOUT_REDIRECT] Command line test
2020-02-21 13:02:12,858 [INFO] LogOutputStream:76 - [STDOUT_REDIRECT] Command line
2020-02-21 13:02:12,858 [INFO] LogOutputStream:76 - [STDOUT_REDIRECT] Debug : prepare data for USART
2020-02-21 13:02:12,858 [INFO] LogOutputStream:76 - [STDOUT_REDIRECT] Command line test
2020-02-21 13:02:12,859 [INFO] LogOutputStream:76 - [STDOUT_REDIRECT] Command line
2020-02-21 13:02:12,859 [INFO] LogOutputStream:76 - [STDOUT_REDIRECT] Debug : prepare data for USB_OTG
2020-02-21 13:02:12,860 [INFO] LogOutputStream:76 - [STDOUT_REDIRECT] Command line test
2020-02-21 13:02:12,860 [INFO] LogOutputStream:76 - [STDOUT_REDIRECT] Debug : prepare data for NVIC
2020-02-21 13:02:12,861 [INFO] LogOutputStream:76 - [STDOUT_REDIRECT] Command line test
2020-02-21 13:02:12,868 [INFO] CodeEngine:193 - oldGeneratedFile, /Users/gabrielespinosa/STM32CubeIDE/workspace_1.2.0/DMA_Test/Core/Src/stm32f7xx_it.c_save
2020-02-21 13:02:12,947 [INFO] CodeEngine:211 - Generated code: /Users/gabrielespinosa/STM32CubeIDE/workspace_1.2.0/DMA_Test/Core/Src/stm32f7xx_it.c
2020-02-21 13:02:12,950 [INFO] CodeEngine:193 - oldGeneratedFile, /Users/gabrielespinosa/STM32CubeIDE/workspace_1.2.0/DMA_Test/Core/Inc/stm32f7xx_it.h_save
2020-02-21 13:02:13,007 [INFO] CodeEngine:211 - Generated code: /Users/gabrielespinosa/STM32CubeIDE/workspace_1.2.0/DMA_Test/Core/Inc/stm32f7xx_it.h
2020-02-21 13:02:13,012 [INFO] CodeEngine:193 - oldGeneratedFile, /Users/gabrielespinosa/STM32CubeIDE/workspace_1.2.0/DMA_Test/Core/Src/stm32f7xx_hal_msp.c_save
2020-02-21 13:02:13,086 [INFO] CodeEngine:211 - Generated code: /Users/gabrielespinosa/STM32CubeIDE/workspace_1.2.0/DMA_Test/Core/Src/stm32f7xx_hal_msp.c
2020-02-21 13:02:13,089 [INFO] CodeEngine:193 - oldGeneratedFile, /Users/gabrielespinosa/STM32CubeIDE/workspace_1.2.0/DMA_Test/MXTmpFiles/system.tmp_save
2020-02-21 13:02:13,131 [INFO] CodeEngine:211 - Generated code: /Users/gabrielespinosa/STM32CubeIDE/workspace_1.2.0/DMA_Test/MXTmpFiles/system.tmp
2020-02-21 13:02:13,141 [INFO] CodeEngine:193 - oldGeneratedFile, /Users/gabrielespinosa/STM32CubeIDE/workspace_1.2.0/DMA_Test/Core/Inc/stm32f7xx_hal_conf.h_save
2020-02-21 13:02:13,191 [INFO] CodeEngine:211 - Generated code: /Users/gabrielespinosa/STM32CubeIDE/workspace_1.2.0/DMA_Test/Core/Inc/stm32f7xx_hal_conf.h
2020-02-21 13:02:13,210 [WARN] IPConfigManager:2706 - IP not found : USB_OTG
2020-02-21 13:02:13,210 [WARN] IPConfigManager:2706 - IP not found : gpio
2020-02-21 13:02:13,211 [WARN] CodeGenerator:2776 - IP not found : USB_OTG
2020-02-21 13:02:13,211 [WARN] CodeGenerator:2776 - IP not found : gpio
2020-02-21 13:02:13,214 [INFO] CodeEngine:193 - oldGeneratedFile, /Users/gabrielespinosa/STM32CubeIDE/workspace_1.2.0/DMA_Test/Core/Inc/main.h_save
2020-02-21 13:02:13,263 [INFO] CodeEngine:211 - Generated code: /Users/gabrielespinosa/STM32CubeIDE/workspace_1.2.0/DMA_Test/Core/Inc/main.h
2020-02-21 13:02:13,266 [INFO] CodeEngine:193 - oldGeneratedFile, /Users/gabrielespinosa/STM32CubeIDE/workspace_1.2.0/DMA_Test/Core/Src/main.c_save
2020-02-21 13:02:13,337 [INFO] CodeEngine:211 - Generated code: /Users/gabrielespinosa/STM32CubeIDE/workspace_1.2.0/DMA_Test/Core/Src/main.c
2020-02-21 13:02:13,973 [INFO] ProjectBuilder:1843 - Time for Copy HAL[1] : 247mS.
2020-02-21 13:02:13,975 [INFO] ProjectBuilder:2428 - Project Generator version: 3.6.0
2020-02-21 13:02:14,322 [INFO] ConfigFileManager:1043 - The Die is : DIE449
2020-02-21 13:02:19,802 [INFO] ProjectBuilder:2595 - Time for Generating toolchain IDE Files: 5827mS.
2020-02-21 13:02:19,803 [INFO] ProjectBuilder:1703 - Time for Copy CMSIS : 0mS.
2020-02-21 13:02:19,804 [INFO] ProjectBuilder:1703 - Time for Copy CMSIS : 0mS.
2020-02-21 13:04:12,280 [INFO] UtilMem:74 - End SaveConfig() Used Memory: 614036400 Bytes (889192448)
2020-02-21 13:04:12,409 [INFO] BlockDiagram:2751 - set Specific Code input for plugin: SYS
2020-02-21 13:04:12,409 [INFO] BlockDiagram:2751 - set Specific Code input for plugin: RCC
2020-02-21 13:04:12,409 [INFO] BlockDiagram:2751 - set Specific Code input for plugin: USB_OTG_FS
2020-02-21 13:04:12,409 [INFO] BlockDiagram:2751 - set Specific Code input for plugin: NVIC
2020-02-21 13:04:12,409 [INFO] BlockDiagram:2751 - set Specific Code input for plugin: USART
2020-02-21 13:04:12,409 [INFO] BlockDiagram:2751 - set Specific Code input for plugin: CORTEX_M7
2020-02-21 13:04:12,409 [INFO] BlockDiagram:2751 - set Specific Code input for plugin: GPIO
2020-02-21 13:04:12,409 [INFO] BlockDiagram:2751 - set Specific Code input for plugin: ETH
2020-02-21 13:04:12,410 [INFO] CodeGenerator:601 - code generatio: config db path: /Applications/STM32CubeIDE.app/Contents/Eclipse/plugins/com.st.stm32cube.common.mx_5.5.0.201912201511//db/
2020-02-21 13:04:12,738 [INFO] CodeEngine:193 - oldGeneratedFile, /Users/gabrielespinosa/STM32CubeIDE/workspace_1.2.0/DMA_Test/MXTmpFiles/license.tmp_save
2020-02-21 13:04:12,782 [INFO] CodeEngine:211 - Generated code: /Users/gabrielespinosa/STM32CubeIDE/workspace_1.2.0/DMA_Test/MXTmpFiles/license.tmp
2020-02-21 13:04:12,822 [INFO] CodeEngine:193 - oldGeneratedFile, /Users/gabrielespinosa/STM32CubeIDE/workspace_1.2.0/DMA_Test/MXTmpFiles/gpio.tmp_save
2020-02-21 13:04:12,870 [INFO] CodeEngine:211 - Generated code: /Users/gabrielespinosa/STM32CubeIDE/workspace_1.2.0/DMA_Test/MXTmpFiles/gpio.tmp
2020-02-21 13:04:13,032 [INFO] LogOutputStream:76 - [STDOUT_REDIRECT] Command line
2020-02-21 13:04:13,033 [INFO] LogOutputStream:76 - [STDOUT_REDIRECT] Debug : prepare data for CORTEX_M7
2020-02-21 13:04:13,033 [INFO] LogOutputStream:76 - [STDOUT_REDIRECT] Command line test
2020-02-21 13:04:13,035 [INFO] CodeEngine:193 - oldGeneratedFile, /Users/gabrielespinosa/STM32CubeIDE/workspace_1.2.0/DMA_Test/MXTmpFiles/cortex.tmp_save
2020-02-21 13:04:13,074 [INFO] CodeEngine:211 - Generated code: /Users/gabrielespinosa/STM32CubeIDE/workspace_1.2.0/DMA_Test/MXTmpFiles/cortex.tmp
2020-02-21 13:04:13,075 [INFO] LogOutputStream:76 - [STDOUT_REDIRECT] Command line
2020-02-21 13:04:13,075 [INFO] LogOutputStream:76 - [STDOUT_REDIRECT] Debug : prepare data for ETH
2020-02-21 13:04:13,075 [INFO] LogOutputStream:76 - [STDOUT_REDIRECT] Command line test
2020-02-21 13:04:13,076 [INFO] LogOutputStream:76 - [STDOUT_REDIRECT] Command line
2020-02-21 13:04:13,076 [INFO] LogOutputStream:76 - [STDOUT_REDIRECT] Debug : prepare data for USART
2020-02-21 13:04:13,077 [INFO] LogOutputStream:76 - [STDOUT_REDIRECT] Command line test
2020-02-21 13:04:13,077 [INFO] LogOutputStream:76 - [STDOUT_REDIRECT] Command line
2020-02-21 13:04:13,077 [INFO] LogOutputStream:76 - [STDOUT_REDIRECT] Debug : prepare data for USB_OTG
2020-02-21 13:04:13,078 [INFO] LogOutputStream:76 - [STDOUT_REDIRECT] Command line test
2020-02-21 13:04:13,078 [INFO] LogOutputStream:76 - [STDOUT_REDIRECT] Debug : prepare data for NVIC
2020-02-21 13:04:13,078 [INFO] LogOutputStream:76 - [STDOUT_REDIRECT] Command line test
2020-02-21 13:04:13,083 [INFO] CodeEngine:193 - oldGeneratedFile, /Users/gabrielespinosa/STM32CubeIDE/workspace_1.2.0/DMA_Test/Core/Src/stm32f7xx_it.c_save
2020-02-21 13:04:13,134 [INFO] CodeEngine:211 - Generated code: /Users/gabrielespinosa/STM32CubeIDE/workspace_1.2.0/DMA_Test/Core/Src/stm32f7xx_it.c
2020-02-21 13:04:13,137 [INFO] CodeEngine:193 - oldGeneratedFile, /Users/gabrielespinosa/STM32CubeIDE/workspace_1.2.0/DMA_Test/Core/Inc/stm32f7xx_it.h_save
2020-02-21 13:04:13,180 [INFO] CodeEngine:211 - Generated code: /Users/gabrielespinosa/STM32CubeIDE/workspace_1.2.0/DMA_Test/Core/Inc/stm32f7xx_it.h
2020-02-21 13:04:13,186 [INFO] CodeEngine:193 - oldGeneratedFile, /Users/gabrielespinosa/STM32CubeIDE/workspace_1.2.0/DMA_Test/Core/Src/stm32f7xx_hal_msp.c_save
2020-02-21 13:04:13,255 [INFO] CodeEngine:211 - Generated code: /Users/gabrielespinosa/STM32CubeIDE/workspace_1.2.0/DMA_Test/Core/Src/stm32f7xx_hal_msp.c
2020-02-21 13:04:13,258 [INFO] CodeEngine:193 - oldGeneratedFile, /Users/gabrielespinosa/STM32CubeIDE/workspace_1.2.0/DMA_Test/MXTmpFiles/system.tmp_save
2020-02-21 13:04:13,293 [INFO] CodeEngine:211 - Generated code: /Users/gabrielespinosa/STM32CubeIDE/workspace_1.2.0/DMA_Test/MXTmpFiles/system.tmp
2020-02-21 13:04:13,297 [INFO] CodeEngine:193 - oldGeneratedFile, /Users/gabrielespinosa/STM32CubeIDE/workspace_1.2.0/DMA_Test/Core/Inc/stm32f7xx_hal_conf.h_save
2020-02-21 13:04:13,341 [INFO] CodeEngine:211 - Generated code: /Users/gabrielespinosa/STM32CubeIDE/workspace_1.2.0/DMA_Test/Core/Inc/stm32f7xx_hal_conf.h
2020-02-21 13:04:13,347 [WARN] IPConfigManager:2706 - IP not found : USB_OTG
2020-02-21 13:04:13,347 [WARN] IPConfigManager:2706 - IP not found : gpio
2020-02-21 13:04:13,348 [WARN] CodeGenerator:2776 - IP not found : USB_OTG
2020-02-21 13:04:13,348 [WARN] CodeGenerator:2776 - IP not found : gpio
2020-02-21 13:04:13,351 [INFO] CodeEngine:193 - oldGeneratedFile, /Users/gabrielespinosa/STM32CubeIDE/workspace_1.2.0/DMA_Test/Core/Inc/main.h_save
2020-02-21 13:04:13,392 [INFO] CodeEngine:211 - Generated code: /Users/gabrielespinosa/STM32CubeIDE/workspace_1.2.0/DMA_Test/Core/Inc/main.h
2020-02-21 13:04:13,396 [INFO] CodeEngine:193 - oldGeneratedFile, /Users/gabrielespinosa/STM32CubeIDE/workspace_1.2.0/DMA_Test/Core/Src/main.c_save
2020-02-21 13:04:13,501 [INFO] CodeEngine:211 - Generated code: /Users/gabrielespinosa/STM32CubeIDE/workspace_1.2.0/DMA_Test/Core/Src/main.c
2020-02-21 13:04:14,081 [INFO] ProjectBuilder:1843 - Time for Copy HAL[1] : 204mS.
2020-02-21 13:04:14,083 [INFO] ProjectBuilder:2428 - Project Generator version: 3.6.0
2020-02-21 13:04:14,243 [INFO] ConfigFileManager:1043 - The Die is : DIE449
2020-02-21 13:04:15,286 [INFO] ProjectBuilder:2595 - Time for Generating toolchain IDE Files: 1203mS.
2020-02-21 13:04:15,286 [INFO] ProjectBuilder:1703 - Time for Copy CMSIS : 0mS.
2020-02-21 13:04:15,287 [INFO] ProjectBuilder:1703 - Time for Copy CMSIS : 0mS.
